0 info it worked if it ends with ok
1 verbose cli [ 'F:\\Program Files\\nodejs\\node.exe',
1 verbose cli   'F:\\Program Files\\nodejs\\node_modules\\npm\\bin\\npm-cli.js',
1 verbose cli   'run',
1 verbose cli   'tsc:w' ]
2 info using npm@3.6.0
3 info using node@v5.6.0
4 verbose run-script [ 'pretsc:w', 'tsc:w', 'posttsc:w' ]
5 info lifecycle Tuttee@0.0.1~pretsc:w: Tuttee@0.0.1
6 silly lifecycle Tuttee@0.0.1~pretsc:w: no script for pretsc:w, continuing
7 info lifecycle Tuttee@0.0.1~tsc:w: Tuttee@0.0.1
8 verbose lifecycle Tuttee@0.0.1~tsc:w: unsafe-perm in lifecycle true
9 verbose lifecycle Tuttee@0.0.1~tsc:w: PATH: F:\Program Files\nodejs\node_modules\npm\bin\node-gyp-bin;F:\tuttee-diao\node_modules\.bin;F:\Program Files\nodejs\node_modules\npm\bin\node-gyp-bin;F:\tuttee-diao\node_modules\.bin;%SystemRoot%\system32\WindowsPowerShell\v1.0\;F:\Ruby22-x64\bin;C:\Windows\system32;C:\Windows;C:\Windows\System32\Wbem;C:\Windows\System32\WindowsPowerShell\v1.0\;C:\Program Files (x86)\NVIDIA Corporation\PhysX\Common;E:\Program Files (x86)\MiKTeX 2.9\miktex\bin\;D:\Program Files (x86)\MiKTeX 2.9\miktex\bin\;C:\Program Files (x86)\Microsoft SQL Server\100\Tools\Binn\;C:\Program Files\Microsoft SQL Server\100\Tools\Binn\;C:\Program Files\Microsoft SQL Server\100\DTS\Binn\;C:\Program Files (x86)\Skype\Phone\;E:\Program Files (x86)\Brackets\command;F:\Program Files\nodejs\;C:\python\Python27;E:\Program Files (x86)\Microsoft VS Code\bin;C:\Users\Administrator\AppData\Roaming\npm
10 verbose lifecycle Tuttee@0.0.1~tsc:w: CWD: F:\tuttee-diao
11 silly lifecycle Tuttee@0.0.1~tsc:w: Args: [ '/d /s /c', 'tsc -w' ]
12 silly lifecycle Tuttee@0.0.1~tsc:w: Returned: code: 1  signal: null
13 info lifecycle Tuttee@0.0.1~tsc:w: Failed to exec tsc:w script
14 verbose stack Error: Tuttee@0.0.1 tsc:w: `tsc -w`
14 verbose stack Exit status 1
14 verbose stack     at EventEmitter.<anonymous> (F:\Program Files\nodejs\node_modules\npm\lib\utils\lifecycle.js:232:16)
14 verbose stack     at emitTwo (events.js:100:13)
14 verbose stack     at EventEmitter.emit (events.js:185:7)
14 verbose stack     at ChildProcess.<anonymous> (F:\Program Files\nodejs\node_modules\npm\lib\utils\spawn.js:24:14)
14 verbose stack     at emitTwo (events.js:100:13)
14 verbose stack     at ChildProcess.emit (events.js:185:7)
14 verbose stack     at maybeClose (internal/child_process.js:827:16)
14 verbose stack     at Process.ChildProcess._handle.onexit (internal/child_process.js:211:5)
15 verbose pkgid Tuttee@0.0.1
16 verbose cwd F:\tuttee-diao
17 error Windows_NT 6.1.7601
18 error argv "F:\\Program Files\\nodejs\\node.exe" "F:\\Program Files\\nodejs\\node_modules\\npm\\bin\\npm-cli.js" "run" "tsc:w"
19 error node v5.6.0
20 error npm  v3.6.0
21 error code ELIFECYCLE
22 error Tuttee@0.0.1 tsc:w: `tsc -w`
22 error Exit status 1
23 error Failed at the Tuttee@0.0.1 tsc:w script 'tsc -w'.
23 error Make sure you have the latest version of node.js and npm installed.
23 error If you do, this is most likely a problem with the Tuttee package,
23 error not with npm itself.
23 error Tell the author that this fails on your system:
23 error     tsc -w
23 error You can get information on how to open an issue for this project with:
23 error     npm bugs Tuttee
23 error Or if that isn't available, you can get their info via:
23 error     npm owner ls Tuttee
23 error There is likely additional logging output above.
24 verbose exit [ 1, true ]
